Unable to init server: Could not connect: Connection refused
Unable to init server: Could not connect: Connection refused

(experiments.py:871958): Gdk-CRITICAL **: 11:03:58.551: gdk_cursor_new_for_display: assertion 'GDK_IS_DISPLAY (display)' failed

p1: 0.000000, p3: 0.000000
State starts with 832 infected

Mean of infected sites: 0.0
Variance of infected siteds: 0.0

p1: 0.000000, p3: 0.050000
State starts with 809 infected

Mean of infected sites: 0.0
Variance of infected siteds: 0.0

p1: 0.000000, p3: 0.100000
State starts with 862 infected

Mean of infected sites: 0.0
Variance of infected siteds: 0.0

p1: 0.000000, p3: 0.150000
State starts with 786 infected

Mean of infected sites: 0.0
Variance of infected siteds: 0.0

p1: 0.000000, p3: 0.200000
State starts with 838 infected

Mean of infected sites: 0.0
Variance of infected siteds: 0.0

p1: 0.000000, p3: 0.250000
State starts with 808 infected

Mean of infected sites: 0.0
Variance of infected siteds: 0.0

p1: 0.000000, p3: 0.300000
State starts with 813 infected

Mean of infected sites: 0.0
Variance of infected siteds: 0.0

p1: 0.000000, p3: 0.350000
State starts with 837 infected

Mean of infected sites: 0.0
Variance of infected siteds: 0.0

p1: 0.000000, p3: 0.400000
State starts with 829 infected

Mean of infected sites: 0.0
Variance of infected siteds: 0.0

p1: 0.000000, p3: 0.450000
State starts with 875 infected

Mean of infected sites: 0.0
Variance of infected siteds: 0.0

p1: 0.000000, p3: 0.500000
State starts with 848 infected

Mean of infected sites: 0.0
Variance of infected siteds: 0.0

p1: 0.000000, p3: 0.550000
State starts with 825 infected

Mean of infected sites: 0.0
Variance of infected siteds: 0.0

p1: 0.000000, p3: 0.600000
State starts with 814 infected

Mean of infected sites: 0.0
Variance of infected siteds: 0.0

p1: 0.000000, p3: 0.650000
State starts with 825 infected

Mean of infected sites: 0.0
Variance of infected siteds: 0.0

p1: 0.000000, p3: 0.700000
State starts with 863 infected

Mean of infected sites: 0.0
Variance of infected siteds: 0.0

p1: 0.000000, p3: 0.750000
State starts with 850 infected

Mean of infected sites: 0.0
Variance of infected siteds: 0.0

p1: 0.000000, p3: 0.800000
State starts with 825 infected

Mean of infected sites: 0.0
Variance of infected siteds: 0.0

p1: 0.000000, p3: 0.850000
State starts with 829 infected

Mean of infected sites: 0.0
Variance of infected siteds: 0.0

p1: 0.000000, p3: 0.900000
State starts with 827 infected

Mean of infected sites: 0.0
Variance of infected siteds: 0.0

p1: 0.000000, p3: 0.950000
State starts with 785 infected

Mean of infected sites: 0.0
Variance of infected siteds: 0.0

p1: 0.000000, p3: 1.000000
State starts with 866 infected

Mean of infected sites: 0.0
Variance of infected siteds: 0.0

p1: 0.050000, p3: 0.000000
State starts with 801 infected

Mean of infected sites: 0.0
Variance of infected siteds: 0.0

p1: 0.050000, p3: 0.050000
State starts with 822 infected

Mean of infected sites: 0.0
Variance of infected siteds: 0.0

p1: 0.050000, p3: 0.100000
State starts with 841 infected

Mean of infected sites: 0.0
Variance of infected siteds: 0.0

p1: 0.050000, p3: 0.150000
State starts with 864 infected

Mean of infected sites: 0.0
Variance of infected siteds: 0.0

p1: 0.050000, p3: 0.200000
State starts with 821 infected

Mean of infected sites: 0.0
Variance of infected siteds: 0.0

p1: 0.050000, p3: 0.250000
State starts with 883 infected

Mean of infected sites: 0.0
Variance of infected siteds: 0.0

p1: 0.050000, p3: 0.300000
State starts with 847 infected

Mean of infected sites: 0.0
Variance of infected siteds: 0.0

p1: 0.050000, p3: 0.350000
State starts with 875 infected

Mean of infected sites: 0.0
Variance of infected siteds: 0.0

p1: 0.050000, p3: 0.400000
State starts with 812 infected

Mean of infected sites: 0.0
Variance of infected siteds: 0.0

p1: 0.050000, p3: 0.450000
State starts with 849 infected

Mean of infected sites: 0.0
Variance of infected siteds: 0.0

p1: 0.050000, p3: 0.500000
State starts with 835 infected

Mean of infected sites: 0.0
Variance of infected siteds: 0.0

p1: 0.050000, p3: 0.550000
State starts with 820 infected

Mean of infected sites: 0.0
Variance of infected siteds: 0.0

p1: 0.050000, p3: 0.600000
State starts with 841 infected

Mean of infected sites: 0.0
Variance of infected siteds: 0.0

p1: 0.050000, p3: 0.650000
State starts with 851 infected

Mean of infected sites: 0.0
Variance of infected siteds: 0.0

p1: 0.050000, p3: 0.700000
State starts with 868 infected

Mean of infected sites: 0.0
Variance of infected siteds: 0.0

p1: 0.050000, p3: 0.750000
State starts with 859 infected

Mean of infected sites: 0.0
Variance of infected siteds: 0.0

p1: 0.050000, p3: 0.800000
State starts with 890 infected

Mean of infected sites: 0.0
Variance of infected siteds: 0.0

p1: 0.050000, p3: 0.850000
State starts with 834 infected

Mean of infected sites: 0.0
Variance of infected siteds: 0.0

p1: 0.050000, p3: 0.900000
State starts with 835 infected

Mean of infected sites: 0.0
Variance of infected siteds: 0.0

p1: 0.050000, p3: 0.950000
State starts with 900 infected

Mean of infected sites: 0.0
Variance of infected siteds: 0.0

p1: 0.050000, p3: 1.000000
State starts with 878 infected

Mean of infected sites: 0.0
Variance of infected siteds: 0.0

p1: 0.100000, p3: 0.000000
State starts with 880 infected

Mean of infected sites: 0.0
Variance of infected siteds: 0.0

p1: 0.100000, p3: 0.050000
State starts with 809 infected

Mean of infected sites: 0.0
Variance of infected siteds: 0.0

p1: 0.100000, p3: 0.100000
State starts with 817 infected

Mean of infected sites: 0.0
Variance of infected siteds: 0.0

p1: 0.100000, p3: 0.150000
State starts with 830 infected

Mean of infected sites: 0.0
Variance of infected siteds: 0.0

p1: 0.100000, p3: 0.200000
State starts with 820 infected

Mean of infected sites: 0.0
Variance of infected siteds: 0.0

p1: 0.100000, p3: 0.250000
State starts with 822 infected

Mean of infected sites: 0.0
Variance of infected siteds: 0.0

p1: 0.100000, p3: 0.300000
State starts with 834 infected

Mean of infected sites: 0.0
Variance of infected siteds: 0.0

p1: 0.100000, p3: 0.350000
State starts with 827 infected

Mean of infected sites: 0.0
Variance of infected siteds: 0.0

p1: 0.100000, p3: 0.400000
State starts with 765 infected

Mean of infected sites: 0.0
Variance of infected siteds: 0.0

p1: 0.100000, p3: 0.450000
State starts with 825 infected

Mean of infected sites: 0.0
Variance of infected siteds: 0.0

p1: 0.100000, p3: 0.500000
State starts with 880 infected

Mean of infected sites: 0.0
Variance of infected siteds: 0.0

p1: 0.100000, p3: 0.550000
State starts with 808 infected

Mean of infected sites: 0.0
Variance of infected siteds: 0.0

p1: 0.100000, p3: 0.600000
State starts with 841 infected

Mean of infected sites: 0.0
Variance of infected siteds: 0.0

p1: 0.100000, p3: 0.650000
State starts with 817 infected

Mean of infected sites: 0.0
Variance of infected siteds: 0.0

p1: 0.100000, p3: 0.700000
State starts with 822 infected

Mean of infected sites: 0.0
Variance of infected siteds: 0.0

p1: 0.100000, p3: 0.750000
State starts with 820 infected

Mean of infected sites: 0.0
Variance of infected siteds: 0.0

p1: 0.100000, p3: 0.800000
State starts with 880 infected

Mean of infected sites: 0.0
Variance of infected siteds: 0.0

p1: 0.100000, p3: 0.850000
State starts with 816 infected

Mean of infected sites: 0.0
Variance of infected siteds: 0.0

p1: 0.100000, p3: 0.900000
State starts with 807 infected

Mean of infected sites: 0.0
Variance of infected siteds: 0.0

p1: 0.100000, p3: 0.950000
State starts with 837 infected

Mean of infected sites: 0.0
Variance of infected siteds: 0.0

p1: 0.100000, p3: 1.000000
State starts with 825 infected

Mean of infected sites: 0.0
Variance of infected siteds: 0.0

p1: 0.150000, p3: 0.000000
State starts with 860 infected

Mean of infected sites: 0.0
Variance of infected siteds: 0.0

p1: 0.150000, p3: 0.050000
State starts with 826 infected

Mean of infected sites: 0.0
Variance of infected siteds: 0.0

p1: 0.150000, p3: 0.100000
State starts with 805 infected

Mean of infected sites: 0.0
Variance of infected siteds: 0.0

p1: 0.150000, p3: 0.150000
State starts with 862 infected

Mean of infected sites: 0.0
Variance of infected siteds: 0.0

p1: 0.150000, p3: 0.200000
State starts with 850 infected

Mean of infected sites: 0.0
Variance of infected siteds: 0.0

p1: 0.150000, p3: 0.250000
State starts with 851 infected

Mean of infected sites: 0.0
Variance of infected siteds: 0.0

p1: 0.150000, p3: 0.300000
State starts with 833 infected

Mean of infected sites: 0.0
Variance of infected siteds: 0.0

p1: 0.150000, p3: 0.350000
State starts with 842 infected

Mean of infected sites: 0.0
Variance of infected siteds: 0.0

p1: 0.150000, p3: 0.400000
State starts with 827 infected

Mean of infected sites: 0.0
Variance of infected siteds: 0.0

p1: 0.150000, p3: 0.450000
State starts with 810 infected

Mean of infected sites: 0.0
Variance of infected siteds: 0.0

p1: 0.150000, p3: 0.500000
State starts with 838 infected

Mean of infected sites: 0.0
Variance of infected siteds: 0.0

p1: 0.150000, p3: 0.550000
State starts with 835 infected

Mean of infected sites: 0.0
Variance of infected siteds: 0.0

p1: 0.150000, p3: 0.600000
State starts with 812 infected

Mean of infected sites: 0.0
Variance of infected siteds: 0.0

p1: 0.150000, p3: 0.650000
State starts with 869 infected

Mean of infected sites: 0.0
Variance of infected siteds: 0.0

p1: 0.150000, p3: 0.700000
State starts with 786 infected

Mean of infected sites: 0.0
Variance of infected siteds: 0.0

p1: 0.150000, p3: 0.750000
State starts with 818 infected

Mean of infected sites: 0.0
Variance of infected siteds: 0.0

p1: 0.150000, p3: 0.800000
State starts with 825 infected

Mean of infected sites: 0.0
Variance of infected siteds: 0.0

p1: 0.150000, p3: 0.850000
State starts with 822 infected

Mean of infected sites: 0.0
Variance of infected siteds: 0.0

p1: 0.150000, p3: 0.900000
State starts with 842 infected

Mean of infected sites: 0.0
Variance of infected siteds: 0.0

p1: 0.150000, p3: 0.950000
State starts with 801 infected

Mean of infected sites: 0.0
Variance of infected siteds: 0.0

p1: 0.150000, p3: 1.000000
State starts with 828 infected

Mean of infected sites: 0.0
Variance of infected siteds: 0.0

p1: 0.200000, p3: 0.000000
State starts with 813 infected

Mean of infected sites: 0.0
Variance of infected siteds: 0.0

p1: 0.200000, p3: 0.050000
State starts with 844 infected

Mean of infected sites: 0.0
Variance of infected siteds: 0.0

p1: 0.200000, p3: 0.100000
State starts with 822 infected

Mean of infected sites: 0.0
Variance of infected siteds: 0.0

p1: 0.200000, p3: 0.150000
State starts with 802 infected

Mean of infected sites: 0.0
Variance of infected siteds: 0.0

p1: 0.200000, p3: 0.200000
State starts with 842 infected

Mean of infected sites: 0.0
Variance of infected siteds: 0.0

p1: 0.200000, p3: 0.250000
State starts with 796 infected

Mean of infected sites: 0.0
Variance of infected siteds: 0.0

p1: 0.200000, p3: 0.300000
State starts with 819 infected

Mean of infected sites: 0.0
Variance of infected siteds: 0.0

p1: 0.200000, p3: 0.350000
State starts with 836 infected

Mean of infected sites: 0.0
Variance of infected siteds: 0.0

p1: 0.200000, p3: 0.400000
State starts with 858 infected

Mean of infected sites: 0.0
Variance of infected siteds: 0.0

p1: 0.200000, p3: 0.450000
State starts with 818 infected

Mean of infected sites: 0.0
Variance of infected siteds: 0.0

p1: 0.200000, p3: 0.500000
State starts with 808 infected

Mean of infected sites: 0.0
Variance of infected siteds: 0.0

p1: 0.200000, p3: 0.550000
State starts with 814 infected

Mean of infected sites: 0.0
Variance of infected siteds: 0.0

p1: 0.200000, p3: 0.600000
State starts with 874 infected

Mean of infected sites: 0.0
Variance of infected siteds: 0.0

p1: 0.200000, p3: 0.650000
State starts with 855 infected

Mean of infected sites: 0.0
Variance of infected siteds: 0.0

p1: 0.200000, p3: 0.700000
State starts with 885 infected

Mean of infected sites: 0.0
Variance of infected siteds: 0.0

p1: 0.200000, p3: 0.750000
State starts with 869 infected

Mean of infected sites: 0.0
Variance of infected siteds: 0.0

p1: 0.200000, p3: 0.800000
State starts with 854 infected

Mean of infected sites: 0.0
Variance of infected siteds: 0.0

p1: 0.200000, p3: 0.850000
State starts with 824 infected

Mean of infected sites: 0.0
Variance of infected siteds: 0.0

p1: 0.200000, p3: 0.900000
State starts with 772 infected

Mean of infected sites: 0.0
Variance of infected siteds: 0.0

p1: 0.200000, p3: 0.950000
State starts with 860 infected

Mean of infected sites: 0.0
Variance of infected siteds: 0.0

p1: 0.200000, p3: 1.000000
State starts with 824 infected

Mean of infected sites: 0.0
Variance of infected siteds: 0.0

p1: 0.250000, p3: 0.000000
State starts with 808 infected

Mean of infected sites: 0.0
Variance of infected siteds: 0.0

p1: 0.250000, p3: 0.050000
State starts with 835 infected

Mean of infected sites: 0.0
Variance of infected siteds: 0.0

p1: 0.250000, p3: 0.100000
State starts with 821 infected

Mean of infected sites: 0.0
Variance of infected siteds: 0.0

p1: 0.250000, p3: 0.150000
State starts with 834 infected

Mean of infected sites: 0.0
Variance of infected siteds: 0.0

p1: 0.250000, p3: 0.200000
State starts with 815 infected

Mean of infected sites: 0.0
Variance of infected siteds: 0.0

p1: 0.250000, p3: 0.250000
State starts with 811 infected

Mean of infected sites: 0.0
Variance of infected siteds: 0.0

p1: 0.250000, p3: 0.300000
State starts with 810 infected

Mean of infected sites: 0.0
Variance of infected siteds: 0.0

p1: 0.250000, p3: 0.350000
State starts with 834 infected

Mean of infected sites: 0.0
Variance of infected siteds: 0.0

p1: 0.250000, p3: 0.400000
State starts with 805 infected

Mean of infected sites: 0.005544827586206897
Variance of infected siteds: 0.02435101070154578

p1: 0.250000, p3: 0.450000
State starts with 885 infected

Mean of infected sites: 0.0021
Variance of infected siteds: 0.001775

p1: 0.250000, p3: 0.500000
State starts with 826 infected

Mean of infected sites: 0.002562962962962963
Variance of infected siteds: 0.0032373113854595337

p1: 0.250000, p3: 0.550000
State starts with 842 infected

Mean of infected sites: 0.005227586206896551
Variance of infected siteds: 0.02943258026159334

p1: 0.250000, p3: 0.600000
State starts with 817 infected

Mean of infected sites: 0.005025641025641026
Variance of infected siteds: 0.020508612754766602

p1: 0.250000, p3: 0.650000
State starts with 842 infected

Mean of infected sites: 0.0
Variance of infected siteds: 0.0

p1: 0.250000, p3: 0.700000
State starts with 823 infected

Mean of infected sites: 0.0068242424242424245
Variance of infected siteds: 0.037853076216712585

p1: 0.250000, p3: 0.750000
State starts with 817 infected

Mean of infected sites: 0.0022933333333333334
Variance of infected siteds: 0.008611555555555556

p1: 0.250000, p3: 0.800000
State starts with 806 infected

Mean of infected sites: 0.004311764705882353
Variance of infected siteds: 0.017021712802768166

p1: 0.250000, p3: 0.850000
State starts with 834 infected

Mean of infected sites: 0.009978260869565218
Variance of infected siteds: 0.11869012287334592

p1: 0.250000, p3: 0.900000
State starts with 854 infected

Mean of infected sites: 0.002
Variance of infected siteds: 0.005942857142857143

p1: 0.250000, p3: 0.950000
State starts with 837 infected

Mean of infected sites: 0.008308333333333333
Variance of infected siteds: 0.08952065972222223

p1: 0.250000, p3: 1.000000
State starts with 833 infected

Mean of infected sites: 0.008645871559633029
Variance of infected siteds: 0.1022451982156384

p1: 0.300000, p3: 0.000000
State starts with 822 infected

Mean of infected sites: 0.0
Variance of infected siteds: 0.0

p1: 0.300000, p3: 0.050000
State starts with 802 infected

Mean of infected sites: 0.0
Variance of infected siteds: 0.0

p1: 0.300000, p3: 0.100000
State starts with 834 infected

Mean of infected sites: 0.0
Variance of infected siteds: 0.0

p1: 0.300000, p3: 0.150000
State starts with 820 infected

Mean of infected sites: 0.0
Variance of infected siteds: 0.0

p1: 0.300000, p3: 0.200000
State starts with 850 infected

Mean of infected sites: 0.0
Variance of infected siteds: 0.0

p1: 0.300000, p3: 0.250000
State starts with 806 infected

Mean of infected sites: 0.006510091743119266
Variance of infected siteds: 0.03152199309822406

p1: 0.300000, p3: 0.300000
State starts with 798 infected

Mean of infected sites: 0.004500813008130081
Variance of infected siteds: 0.018325811355674536

p1: 0.300000, p3: 0.350000
State starts with 874 infected

Mean of infected sites: 0.01772842105263158
Variance of infected siteds: 0.338129296398892

p1: 0.300000, p3: 0.400000
State starts with 817 infected

Mean of infected sites: 0.01015057471264368
Variance of infected siteds: 0.07351228365702207

p1: 0.300000, p3: 0.450000
State starts with 836 infected

Mean of infected sites: 0.016795515695067265
Variance of infected siteds: 0.20618201250779225

p1: 0.300000, p3: 0.500000
State starts with 818 infected

Mean of infected sites: 0.02247253141831239
Variance of infected siteds: 0.24551862536220906

p1: 0.300000, p3: 0.550000
State starts with 811 infected

Mean of infected sites: 0.024002787456445993
Variance of infected siteds: 0.5854968446867146

p1: 0.300000, p3: 0.600000
State starts with 831 infected

Mean of infected sites: 0.05506799999999999
Variance of infected siteds: 0.6642475511111111

p1: 0.300000, p3: 0.650000
State starts with 786 infected

Mean of infected sites: 0.07184444444444445
Variance of infected siteds: 1.0735146172839507

p1: 0.300000, p3: 0.700000
State starts with 821 infected

Mean of infected sites: 0.07673555555555556
Variance of infected siteds: 0.6386913950617283

p1: 0.300000, p3: 0.750000
State starts with 816 infected

Mean of infected sites: 0.09712177777777778
Variance of infected siteds: 0.6944389254320988

p1: 0.300000, p3: 0.800000
State starts with 826 infected

Mean of infected sites: 0.1024431111111111
Variance of infected siteds: 0.9325629091358025

p1: 0.300000, p3: 0.850000
State starts with 813 infected

Mean of infected sites: 0.10875244444444444
Variance of infected siteds: 0.6185281239506173

p1: 0.300000, p3: 0.900000
State starts with 834 infected

Mean of infected sites: 0.12316088888888889
Variance of infected siteds: 0.6380575091358025

p1: 0.300000, p3: 0.950000
State starts with 813 infected

Mean of infected sites: 0.12418622222222223
Variance of infected siteds: 0.6541750809876544

p1: 0.300000, p3: 1.000000
State starts with 825 infected

Mean of infected sites: 0.13571111111111112
Variance of infected siteds: 0.673850913580247

p1: 0.350000, p3: 0.000000
State starts with 842 infected

Mean of infected sites: 0.0
Variance of infected siteds: 0.0

p1: 0.350000, p3: 0.050000
State starts with 800 infected

Mean of infected sites: 0.0
Variance of infected siteds: 0.0

p1: 0.350000, p3: 0.100000
State starts with 865 infected

Mean of infected sites: 0.0
Variance of infected siteds: 0.0

p1: 0.350000, p3: 0.150000
State starts with 837 infected

Mean of infected sites: 0.0
Variance of infected siteds: 0.0

p1: 0.350000, p3: 0.200000
State starts with 855 infected

Mean of infected sites: 0.001951219512195122
Variance of infected siteds: 0.003847709696609161

p1: 0.350000, p3: 0.250000
State starts with 805 infected

Mean of infected sites: 0.02938938775510204
Variance of infected siteds: 0.7317242082465639

p1: 0.350000, p3: 0.300000
State starts with 830 infected

Mean of infected sites: 0.04669066666666667
Variance of infected siteds: 0.8388483377777779

p1: 0.350000, p3: 0.350000
State starts with 823 infected

Mean of infected sites: 0.07117377777777778
Variance of infected siteds: 0.6501231698765433

p1: 0.350000, p3: 0.400000
State starts with 842 infected

Mean of infected sites: 0.09840266666666667
Variance of infected siteds: 0.6471706488888889

p1: 0.350000, p3: 0.450000
State starts with 830 infected

Mean of infected sites: 0.11596755555555556
Variance of infected siteds: 0.5774547017283951

p1: 0.350000, p3: 0.500000
State starts with 825 infected

Mean of infected sites: 0.13053955555555555
Variance of infected siteds: 0.7928944217283952

p1: 0.350000, p3: 0.550000
State starts with 845 infected

Mean of infected sites: 0.14532311111111113
Variance of infected siteds: 0.5841589980246914

p1: 0.350000, p3: 0.600000
State starts with 824 infected

Mean of infected sites: 0.15788266666666667
Variance of infected siteds: 0.5410846933333333

p1: 0.350000, p3: 0.650000
State starts with 839 infected

Mean of infected sites: 0.17136977777777776
Variance of infected siteds: 0.4867963832098765

p1: 0.350000, p3: 0.700000
State starts with 806 infected

Mean of infected sites: 0.17855822222222223
Variance of infected siteds: 0.6123374143209876

p1: 0.350000, p3: 0.750000
State starts with 867 infected

Mean of infected sites: 0.18644177777777776
Variance of infected siteds: 0.6175974143209876

p1: 0.350000, p3: 0.800000
State starts with 820 infected

Mean of infected sites: 0.19644666666666666
Variance of infected siteds: 0.580146111111111

p1: 0.350000, p3: 0.850000
State starts with 814 infected

Mean of infected sites: 0.20550266666666667
Variance of infected siteds: 0.5354736488888888

p1: 0.350000, p3: 0.900000
State starts with 877 infected

Mean of infected sites: 0.2096342222222222
Variance of infected siteds: 0.43141796098765434

p1: 0.350000, p3: 0.950000
State starts with 854 infected

Mean of infected sites: 0.21363244444444446
Variance of infected siteds: 0.5130760350617285

p1: 0.350000, p3: 1.000000
State starts with 835 infected

Mean of infected sites: 0.22220933333333331
Variance of infected siteds: 0.46640822666666665

p1: 0.400000, p3: 0.000000
State starts with 809 infected

Mean of infected sites: 0.0
Variance of infected siteds: 0.0

p1: 0.400000, p3: 0.050000
State starts with 820 infected

Mean of infected sites: 0.0
Variance of infected siteds: 0.0

p1: 0.400000, p3: 0.100000
State starts with 791 infected

Mean of infected sites: 0.0
Variance of infected siteds: 0.0

p1: 0.400000, p3: 0.150000
State starts with 885 infected

Mean of infected sites: 0.019706748466257668
Variance of infected siteds: 0.22151138921299257

p1: 0.400000, p3: 0.200000
State starts with 855 infected

Mean of infected sites: 0.043070222222222225
Variance of infected siteds: 0.5031178943209875

p1: 0.400000, p3: 0.250000
State starts with 791 infected

Mean of infected sites: 0.08034044444444445
Variance of infected siteds: 0.7361111328395061

p1: 0.400000, p3: 0.300000
State starts with 822 infected

Mean of infected sites: 0.10896888888888889
Variance of infected siteds: 0.5092211358024692

p1: 0.400000, p3: 0.350000
State starts with 854 infected

Mean of infected sites: 0.13618
Variance of infected siteds: 0.5205745555555557

p1: 0.400000, p3: 0.400000
State starts with 861 infected

Mean of infected sites: 0.15666666666666668
Variance of infected siteds: 0.5746577777777777

p1: 0.400000, p3: 0.450000
State starts with 855 infected

Mean of infected sites: 0.17539066666666667
Variance of infected siteds: 0.5527833377777778

p1: 0.400000, p3: 0.500000
State starts with 857 infected

Mean of infected sites: 0.19095155555555554
Variance of infected siteds: 0.6234016883950616

p1: 0.400000, p3: 0.550000
State starts with 841 infected

Mean of infected sites: 0.20240933333333333
Variance of infected siteds: 0.5084348933333334

p1: 0.400000, p3: 0.600000
State starts with 828 infected

Mean of infected sites: 0.21512533333333336
Variance of infected siteds: 0.4824420622222223

p1: 0.400000, p3: 0.650000
State starts with 820 infected

Mean of infected sites: 0.2271382222222222
Variance of infected siteds: 0.4697953476543209

p1: 0.400000, p3: 0.700000
State starts with 837 infected

Mean of infected sites: 0.23339555555555558
Variance of infected siteds: 0.5233995061728395

p1: 0.400000, p3: 0.750000
State starts with 834 infected

Mean of infected sites: 0.24436355555555556
Variance of infected siteds: 0.5005895683950616

p1: 0.400000, p3: 0.800000
State starts with 880 infected

Mean of infected sites: 0.2520955555555556
Variance of infected siteds: 0.3671376172839506

p1: 0.400000, p3: 0.850000
State starts with 831 infected

Mean of infected sites: 0.25874933333333333
Variance of infected siteds: 0.4412655822222223

p1: 0.400000, p3: 0.900000
State starts with 840 infected

Mean of infected sites: 0.2655391111111111
Variance of infected siteds: 0.44791739802469127

p1: 0.400000, p3: 0.950000
State starts with 845 infected

Mean of infected sites: 0.26990355555555556
Variance of infected siteds: 0.4601309683950618

p1: 0.400000, p3: 1.000000
State starts with 811 infected

Mean of infected sites: 0.275276
Variance of infected siteds: 0.3711184488888889

p1: 0.450000, p3: 0.000000
State starts with 851 infected

Mean of infected sites: 0.0
Variance of infected siteds: 0.0

p1: 0.450000, p3: 0.050000
State starts with 844 infected

Mean of infected sites: 0.0
Variance of infected siteds: 0.0

p1: 0.450000, p3: 0.100000
State starts with 866 infected

Mean of infected sites: 0.0
Variance of infected siteds: 0.0

p1: 0.450000, p3: 0.150000
State starts with 845 infected

Mean of infected sites: 0.041656
Variance of infected siteds: 0.39953971555555556

p1: 0.450000, p3: 0.200000
State starts with 823 infected

Mean of infected sites: 0.08444711111111111
Variance of infected siteds: 0.5882228958024691

p1: 0.450000, p3: 0.250000
State starts with 806 infected

Mean of infected sites: 0.113856
Variance of infected siteds: 0.38125216

p1: 0.450000, p3: 0.300000
State starts with 796 infected

Mean of infected sites: 0.1467368888888889
Variance of infected siteds: 0.47009759802469137

p1: 0.450000, p3: 0.350000
State starts with 824 infected

Mean of infected sites: 0.17122933333333332
Variance of infected siteds: 0.4963774044444445

p1: 0.450000, p3: 0.400000
State starts with 835 infected

Mean of infected sites: 0.19366088888888888
Variance of infected siteds: 0.5617209535802469

p1: 0.450000, p3: 0.450000
State starts with 851 infected

Mean of infected sites: 0.20870222222222223
Variance of infected siteds: 0.5078427654320988

p1: 0.450000, p3: 0.500000
State starts with 841 infected

Mean of infected sites: 0.22657644444444444
Variance of infected siteds: 0.46231905728395056

p1: 0.450000, p3: 0.550000
State starts with 814 infected

Mean of infected sites: 0.24234
Variance of infected siteds: 0.49993544444444443

p1: 0.450000, p3: 0.600000
State starts with 842 infected

Mean of infected sites: 0.25264844444444445
Variance of infected siteds: 0.3890194661728395

p1: 0.450000, p3: 0.650000
State starts with 821 infected

Mean of infected sites: 0.262812
Variance of infected siteds: 0.4279351955555555

p1: 0.450000, p3: 0.700000
State starts with 845 infected

Mean of infected sites: 0.2731875555555555
Variance of infected siteds: 0.43765205728395057

p1: 0.450000, p3: 0.750000
State starts with 792 infected

Mean of infected sites: 0.2801168888888889
Variance of infected siteds: 0.40495028691358026

p1: 0.450000, p3: 0.800000
State starts with 846 infected

Mean of infected sites: 0.2881417777777778
Variance of infected siteds: 0.38635196987654324

p1: 0.450000, p3: 0.850000
State starts with 801 infected

Mean of infected sites: 0.2964342222222222
Variance of infected siteds: 0.37479929432098763

p1: 0.450000, p3: 0.900000
State starts with 846 infected

Mean of infected sites: 0.30072933333333335
Variance of infected siteds: 0.41173995999999996

p1: 0.450000, p3: 0.950000
State starts with 863 infected

Mean of infected sites: 0.3084031111111111
Variance of infected siteds: 0.3537977535802469

p1: 0.450000, p3: 1.000000
State starts with 864 infected

Mean of infected sites: 0.3135777777777778
Variance of infected siteds: 0.4006876543209877

p1: 0.500000, p3: 0.000000
State starts with 846 infected

Mean of infected sites: 0.0
Variance of infected siteds: 0.0

p1: 0.500000, p3: 0.050000
State starts with 802 infected

Mean of infected sites: 0.0
Variance of infected siteds: 0.0

p1: 0.500000, p3: 0.100000
State starts with 837 infected

Mean of infected sites: 0.026825333333333333
Variance of infected siteds: 0.3139410622222222

p1: 0.500000, p3: 0.150000
State starts with 868 infected

Mean of infected sites: 0.07179866666666666
Variance of infected siteds: 0.45243243999999994

p1: 0.500000, p3: 0.200000
State starts with 831 infected

Mean of infected sites: 0.10942488888888888
Variance of infected siteds: 0.4852868958024691

p1: 0.500000, p3: 0.250000
State starts with 832 infected

Mean of infected sites: 0.14472000000000002
Variance of infected siteds: 0.4912408888888889

p1: 0.500000, p3: 0.300000
State starts with 825 infected

Mean of infected sites: 0.17139955555555555
Variance of infected siteds: 0.5561586661728395

p1: 0.500000, p3: 0.350000
State starts with 871 infected

Mean of infected sites: 0.19645555555555558
Variance of infected siteds: 0.49100428395061724

p1: 0.500000, p3: 0.400000
State starts with 794 infected

Mean of infected sites: 0.220452
Variance of infected siteds: 0.5025323511111112

p1: 0.500000, p3: 0.450000
State starts with 864 infected

Mean of infected sites: 0.2377391111111111
Variance of infected siteds: 0.45925517580246905

p1: 0.500000, p3: 0.500000
State starts with 838 infected

Mean of infected sites: 0.2548328888888889
Variance of infected siteds: 0.395206184691358

p1: 0.500000, p3: 0.550000
State starts with 803 infected

Mean of infected sites: 0.26808044444444445
Variance of infected siteds: 0.3727842661728395

p1: 0.500000, p3: 0.600000
State starts with 863 infected

Mean of infected sites: 0.2814231111111111
Variance of infected siteds: 0.3666879980246913

p1: 0.500000, p3: 0.650000
State starts with 849 infected

Mean of infected sites: 0.291788
Variance of infected siteds: 0.36324630666666663

p1: 0.500000, p3: 0.700000
State starts with 826 infected

Mean of infected sites: 0.3014222222222222
Variance of infected siteds: 0.4025360987654321

p1: 0.500000, p3: 0.750000
State starts with 851 infected

Mean of infected sites: 0.3098791111111111
Variance of infected siteds: 0.40350568691358024

p1: 0.500000, p3: 0.800000
State starts with 822 infected

Mean of infected sites: 0.31924755555555556
Variance of infected siteds: 0.3963494572839506

p1: 0.500000, p3: 0.850000
State starts with 845 infected

Mean of infected sites: 0.325336
Variance of infected siteds: 0.38520442666666665

p1: 0.500000, p3: 0.900000
State starts with 818 infected

Mean of infected sites: 0.331696
Variance of infected siteds: 0.38544451555555553

p1: 0.500000, p3: 0.950000
State starts with 842 infected

Mean of infected sites: 0.3383764444444444
Variance of infected siteds: 0.3551821683950618

p1: 0.500000, p3: 1.000000
State starts with 809 infected

Mean of infected sites: 0.3440066666666667
Variance of infected siteds: 0.35836922222222223

p1: 0.550000, p3: 0.000000
State starts with 824 infected

Mean of infected sites: 0.0
Variance of infected siteds: 0.0

p1: 0.550000, p3: 0.050000
State starts with 816 infected

Mean of infected sites: 0.0
Variance of infected siteds: 0.0

p1: 0.550000, p3: 0.100000
State starts with 856 infected

Mean of infected sites: 0.04341111111111111
Variance of infected siteds: 0.5897788024691357

p1: 0.550000, p3: 0.150000
State starts with 868 infected

Mean of infected sites: 0.0861608888888889
Variance of infected siteds: 0.4309503980246914

p1: 0.550000, p3: 0.200000
State starts with 832 infected

Mean of infected sites: 0.1268048888888889
Variance of infected siteds: 0.4646386069135802

p1: 0.550000, p3: 0.250000
State starts with 826 infected

Mean of infected sites: 0.1611208888888889
Variance of infected siteds: 0.4286270202469136

p1: 0.550000, p3: 0.300000
State starts with 827 infected

Mean of infected sites: 0.19018533333333332
Variance of infected siteds: 0.5570674622222223

p1: 0.550000, p3: 0.350000
State starts with 799 infected

Mean of infected sites: 0.21841999999999998
Variance of infected siteds: 0.48183233333333336

p1: 0.550000, p3: 0.400000
State starts with 844 infected

Mean of infected sites: 0.24228400000000003
Variance of infected siteds: 0.4155285822222222

p1: 0.550000, p3: 0.450000
State starts with 849 infected

Mean of infected sites: 0.2596631111111111
Variance of infected siteds: 0.39925759802469135

p1: 0.550000, p3: 0.500000
State starts with 810 infected

Mean of infected sites: 0.2743262222222222
Variance of infected siteds: 0.4299908365432099

p1: 0.550000, p3: 0.550000
State starts with 830 infected

Mean of infected sites: 0.290248
Variance of infected siteds: 0.3902000177777778

p1: 0.550000, p3: 0.600000
State starts with 815 infected

Mean of infected sites: 0.3047391111111111
Variance of infected siteds: 0.41323562024691357

p1: 0.550000, p3: 0.650000
State starts with 897 infected

Mean of infected sites: 0.31422266666666665
Variance of infected siteds: 0.3670160488888889

p1: 0.550000, p3: 0.700000
State starts with 852 infected

Mean of infected sites: 0.3240911111111111
Variance of infected siteds: 0.3852045802469136

p1: 0.550000, p3: 0.750000
State starts with 832 infected

Mean of infected sites: 0.33520711111111107
Variance of infected siteds: 0.40821054024691356

p1: 0.550000, p3: 0.800000
State starts with 829 infected

Mean of infected sites: 0.3415751111111111
Variance of infected siteds: 0.3898242291358025

p1: 0.550000, p3: 0.850000
State starts with 841 infected

Mean of infected sites: 0.34904222222222225
Variance of infected siteds: 0.3767266543209877

p1: 0.550000, p3: 0.900000
State starts with 809 infected

Mean of infected sites: 0.3573693333333333
Variance of infected siteds: 0.3583136488888889

p1: 0.550000, p3: 0.950000
State starts with 831 infected

Mean of infected sites: 0.3631857777777778
Variance of infected siteds: 0.38031682765432095

p1: 0.550000, p3: 1.000000
State starts with 827 infected

Mean of infected sites: 0.36885466666666666
Variance of infected siteds: 0.37126230666666665

p1: 0.600000, p3: 0.000000
State starts with 848 infected

Mean of infected sites: 0.0
Variance of infected siteds: 0.0

p1: 0.600000, p3: 0.050000
State starts with 832 infected

Mean of infected sites: 0.0
Variance of infected siteds: 0.0

p1: 0.600000, p3: 0.100000
State starts with 844 infected

Mean of infected sites: 0.055139999999999995
Variance of infected siteds: 0.5400590000000001

p1: 0.600000, p3: 0.150000
State starts with 797 infected

Mean of infected sites: 0.09863288888888888
Variance of infected siteds: 0.6043079624691357

p1: 0.600000, p3: 0.200000
State starts with 851 infected

Mean of infected sites: 0.13999555555555554
Variance of infected siteds: 0.47535283950617285

p1: 0.600000, p3: 0.250000
State starts with 792 infected

Mean of infected sites: 0.17859955555555554
Variance of infected siteds: 0.44840666617283953

p1: 0.600000, p3: 0.300000
State starts with 823 infected

Mean of infected sites: 0.20899155555555554
Variance of infected siteds: 0.47281004395061726

p1: 0.600000, p3: 0.350000
State starts with 841 infected

Mean of infected sites: 0.2351653333333333
Variance of infected siteds: 0.4817854399999999

p1: 0.600000, p3: 0.400000
State starts with 816 infected

Mean of infected sites: 0.2560217777777778
Variance of infected siteds: 0.4337325920987655

p1: 0.600000, p3: 0.450000
State starts with 823 infected

Mean of infected sites: 0.276512
Variance of infected siteds: 0.4100841955555556

p1: 0.600000, p3: 0.500000
State starts with 848 infected

Mean of infected sites: 0.29377466666666663
Variance of infected siteds: 0.36171617333333334

p1: 0.600000, p3: 0.550000
State starts with 821 infected

Mean of infected sites: 0.30977777777777776
Variance of infected siteds: 0.40760365432098766

p1: 0.600000, p3: 0.600000
State starts with 846 infected

Mean of infected sites: 0.3216035555555556
Variance of infected siteds: 0.3403039683950617

p1: 0.600000, p3: 0.650000
State starts with 841 infected

Mean of infected sites: 0.3327897777777778
Variance of infected siteds: 0.393276627654321

p1: 0.600000, p3: 0.700000
State starts with 814 infected

Mean of infected sites: 0.34624044444444446
Variance of infected siteds: 0.40122835506172827

p1: 0.600000, p3: 0.750000
State starts with 841 infected

Mean of infected sites: 0.3539
Variance of infected siteds: 0.34317722222222224

p1: 0.600000, p3: 0.800000
State starts with 817 infected

Mean of infected sites: 0.3620777777777778
Variance of infected siteds: 0.35731332098765434

p1: 0.600000, p3: 0.850000
State starts with 825 infected

Mean of infected sites: 0.37022355555555553
Variance of infected siteds: 0.3878186128395062

p1: 0.600000, p3: 0.900000
State starts with 852 infected

Mean of infected sites: 0.3782822222222222
Variance of infected siteds: 0.3421808765432099

p1: 0.600000, p3: 0.950000
State starts with 831 infected

Mean of infected sites: 0.38349866666666665
Variance of infected siteds: 0.3474241066666666

p1: 0.600000, p3: 1.000000
State starts with 829 infected

Mean of infected sites: 0.3890368888888889
Variance of infected siteds: 0.3425419313580247

p1: 0.650000, p3: 0.000000
State starts with 859 infected

Mean of infected sites: 0.0
Variance of infected siteds: 0.0

p1: 0.650000, p3: 0.050000
State starts with 861 infected

Mean of infected sites: 0.0
Variance of infected siteds: 0.0

p1: 0.650000, p3: 0.100000
State starts with 834 infected

Mean of infected sites: 0.06486222222222222
Variance of infected siteds: 0.5718152098765432

p1: 0.650000, p3: 0.150000
State starts with 793 infected

Mean of infected sites: 0.10994622222222222
Variance of infected siteds: 0.5624127698765432

p1: 0.650000, p3: 0.200000
State starts with 799 infected

Mean of infected sites: 0.15317777777777777
Variance of infected siteds: 0.5154556543209876

p1: 0.650000, p3: 0.250000
State starts with 881 infected

Mean of infected sites: 0.18950133333333333
Variance of infected siteds: 0.48131877333333334

p1: 0.650000, p3: 0.300000
State starts with 819 infected

Mean of infected sites: 0.2205488888888889
Variance of infected siteds: 0.3930810246913581

p1: 0.650000, p3: 0.350000
State starts with 845 infected

Mean of infected sites: 0.24743688888888887
Variance of infected siteds: 0.464548153580247

p1: 0.650000, p3: 0.400000
State starts with 843 infected

Mean of infected sites: 0.27195777777777774
Variance of infected siteds: 0.389411987654321

p1: 0.650000, p3: 0.450000
State starts with 813 infected

Mean of infected sites: 0.28958666666666666
Variance of infected siteds: 0.4421035555555555

p1: 0.650000, p3: 0.500000
State starts with 818 infected

Mean of infected sites: 0.31035999999999997
Variance of infected siteds: 0.3365382222222222

p1: 0.650000, p3: 0.550000
State starts with 831 infected

Mean of infected sites: 0.32367555555555555
Variance of infected siteds: 0.4200283950617284

p1: 0.650000, p3: 0.600000
State starts with 875 infected

Mean of infected sites: 0.336812
Variance of infected siteds: 0.4131423066666666

p1: 0.650000, p3: 0.650000
State starts with 854 infected

Mean of infected sites: 0.35051866666666665
Variance of infected siteds: 0.38865946222222225

p1: 0.650000, p3: 0.700000
State starts with 810 infected

Mean of infected sites: 0.3600648888888889
Variance of infected siteds: 0.3145983624691358

p1: 0.650000, p3: 0.750000
State starts with 846 infected

Mean of infected sites: 0.3689693333333333
Variance of infected siteds: 0.3570763155555555

p1: 0.650000, p3: 0.800000
State starts with 821 infected

Mean of infected sites: 0.3787471111111111
Variance of infected siteds: 0.3552681180246913

p1: 0.650000, p3: 0.850000
State starts with 831 infected

Mean of infected sites: 0.38793955555555554
Variance of infected siteds: 0.3198761995061728

p1: 0.650000, p3: 0.900000
State starts with 811 infected

Mean of infected sites: 0.3930568888888889
Variance of infected siteds: 0.33921990913580247

p1: 0.650000, p3: 0.950000
State starts with 805 infected

Mean of infected sites: 0.40088355555555555
Variance of infected siteds: 0.3648136572839506

p1: 0.650000, p3: 1.000000
State starts with 840 infected

Mean of infected sites: 0.40716711111111115
Variance of infected siteds: 0.30720174024691355

p1: 0.700000, p3: 0.000000
State starts with 855 infected

Mean of infected sites: 0.0
Variance of infected siteds: 0.0

p1: 0.700000, p3: 0.050000
State starts with 806 infected

Mean of infected sites: 0.0
Variance of infected siteds: 0.0

p1: 0.700000, p3: 0.100000
State starts with 812 infected

Mean of infected sites: 0.06757644444444444
Variance of infected siteds: 0.7924630572839506

p1: 0.700000, p3: 0.150000
State starts with 825 infected

Mean of infected sites: 0.11591244444444444
Variance of infected siteds: 0.5495030572839505

p1: 0.700000, p3: 0.200000
State starts with 858 infected

Mean of infected sites: 0.16056444444444443
Variance of infected siteds: 0.4652666172839506

p1: 0.700000, p3: 0.250000
State starts with 826 infected

Mean of infected sites: 0.19820533333333332
Variance of infected siteds: 0.4940065955555555

p1: 0.700000, p3: 0.300000
State starts with 829 infected

Mean of infected sites: 0.23217644444444446
Variance of infected siteds: 0.41163550172839514

p1: 0.700000, p3: 0.350000
State starts with 804 infected

Mean of infected sites: 0.259164
Variance of infected siteds: 0.47623631555555557

p1: 0.700000, p3: 0.400000
State starts with 839 infected

Mean of infected sites: 0.2829342222222222
Variance of infected siteds: 0.40631851654320983

p1: 0.700000, p3: 0.450000
State starts with 828 infected

Mean of infected sites: 0.30477066666666663
Variance of infected siteds: 0.3763951822222223

p1: 0.700000, p3: 0.500000
State starts with 845 infected

Mean of infected sites: 0.32213555555555556
Variance of infected siteds: 0.40725228395061724

p1: 0.700000, p3: 0.550000
State starts with 822 infected

Mean of infected sites: 0.33798666666666666
Variance of infected siteds: 0.3597533333333333

p1: 0.700000, p3: 0.600000
State starts with 850 infected

Mean of infected sites: 0.35092844444444443
Variance of infected siteds: 0.38501342172839503

p1: 0.700000, p3: 0.650000
State starts with 805 infected

Mean of infected sites: 0.36340311111111107
Variance of infected siteds: 0.3768946424691358

p1: 0.700000, p3: 0.700000
State starts with 854 infected

Mean of infected sites: 0.37504044444444445
Variance of infected siteds: 0.38673591061728385

p1: 0.700000, p3: 0.750000
State starts with 872 infected

Mean of infected sites: 0.3850866666666667
Variance of infected siteds: 0.32180122222222224

p1: 0.700000, p3: 0.800000
State starts with 891 infected

Mean of infected sites: 0.39248444444444447
Variance of infected siteds: 0.3504586172839506

p1: 0.700000, p3: 0.850000
State starts with 856 infected

Mean of infected sites: 0.40155555555555555
Variance of infected siteds: 0.37825639506172837

p1: 0.700000, p3: 0.900000
State starts with 814 infected

Mean of infected sites: 0.4097084444444445
Variance of infected siteds: 0.33450926617283955

p1: 0.700000, p3: 0.950000
State starts with 807 infected

Mean of infected sites: 0.41650711111111116
Variance of infected siteds: 0.33529620691358025

p1: 0.700000, p3: 1.000000
State starts with 846 infected

Mean of infected sites: 0.42089288888888887
Variance of infected siteds: 0.3228437624691358

p1: 0.750000, p3: 0.000000
State starts with 884 infected

Mean of infected sites: 0.0
Variance of infected siteds: 0.0

p1: 0.750000, p3: 0.050000
State starts with 795 infected

Mean of infected sites: 0.0
Variance of infected siteds: 0.0

p1: 0.750000, p3: 0.100000
State starts with 802 infected

Mean of infected sites: 0.07537377777777778
Variance of infected siteds: 0.5112591698765432

p1: 0.750000, p3: 0.150000
State starts with 836 infected

Mean of infected sites: 0.12311022222222223
Variance of infected siteds: 0.6492118498765432

p1: 0.750000, p3: 0.200000
State starts with 842 infected

Mean of infected sites: 0.16888533333333333
Variance of infected siteds: 0.4894751288888889

p1: 0.750000, p3: 0.250000
State starts with 790 infected

Mean of infected sites: 0.20859422222222224
Variance of infected siteds: 0.545083027654321

p1: 0.750000, p3: 0.300000
State starts with 828 infected

Mean of infected sites: 0.23921066666666665
Variance of infected siteds: 0.46996504888888896

p1: 0.750000, p3: 0.350000
State starts with 800 infected

Mean of infected sites: 0.2692173333333333
Variance of infected siteds: 0.3610734711111111

p1: 0.750000, p3: 0.400000
State starts with 816 infected

Mean of infected sites: 0.29295377777777776
Variance of infected siteds: 0.3675399920987655

p1: 0.750000, p3: 0.450000
State starts with 792 infected

Mean of infected sites: 0.31517555555555554
Variance of infected siteds: 0.38630472839506175

p1: 0.750000, p3: 0.500000
State starts with 854 infected

Mean of infected sites: 0.3330795555555555
Variance of infected siteds: 0.363144621728395

p1: 0.750000, p3: 0.550000
State starts with 800 infected

Mean of infected sites: 0.34824577777777777
Variance of infected siteds: 0.36062720543209875

p1: 0.750000, p3: 0.600000
State starts with 824 infected

Mean of infected sites: 0.3619817777777778
Variance of infected siteds: 0.3606636143209876

p1: 0.750000, p3: 0.650000
State starts with 877 infected

Mean of infected sites: 0.3754222222222222
Variance of infected siteds: 0.3495032098765432

p1: 0.750000, p3: 0.700000
State starts with 818 infected

Mean of infected sites: 0.3868715555555555
Variance of infected siteds: 0.33899297728395056

p1: 0.750000, p3: 0.750000
State starts with 838 infected

Mean of infected sites: 0.3970955555555556
Variance of infected siteds: 0.33733583950617285

p1: 0.750000, p3: 0.800000
State starts with 823 infected

Mean of infected sites: 0.4056177777777778
Variance of infected siteds: 0.3569752098765432

p1: 0.750000, p3: 0.850000
State starts with 812 infected

Mean of infected sites: 0.41509866666666667
Variance of infected siteds: 0.33733788444444446

p1: 0.750000, p3: 0.900000
State starts with 860 infected

Mean of infected sites: 0.4231111111111111
Variance of infected siteds: 0.3062940246913579

p1: 0.750000, p3: 0.950000
State starts with 835 infected

Mean of infected sites: 0.4291933333333333
Variance of infected siteds: 0.30849366666666667

p1: 0.750000, p3: 1.000000
State starts with 802 infected

Mean of infected sites: 0.4341568888888889
Variance of infected siteds: 0.3284162424691358

p1: 0.800000, p3: 0.000000
State starts with 831 infected

Mean of infected sites: 0.0
Variance of infected siteds: 0.0

p1: 0.800000, p3: 0.050000
State starts with 825 infected

Mean of infected sites: 0.0
Variance of infected siteds: 0.0

p1: 0.800000, p3: 0.100000
State starts with 871 infected

Mean of infected sites: 0.07925511111111111
Variance of infected siteds: 0.6609044069135803

p1: 0.800000, p3: 0.150000
State starts with 850 infected

Mean of infected sites: 0.12856533333333334
Variance of infected siteds: 0.5770881066666667

p1: 0.800000, p3: 0.200000
State starts with 859 infected

Mean of infected sites: 0.17422222222222222
Variance of infected siteds: 0.493152987654321

p1: 0.800000, p3: 0.250000
State starts with 876 infected

Mean of infected sites: 0.21477866666666667
Variance of infected siteds: 0.45830552888888887

p1: 0.800000, p3: 0.300000
State starts with 886 infected

Mean of infected sites: 0.2488173333333333
Variance of infected siteds: 0.4428050266666667

p1: 0.800000, p3: 0.350000
State starts with 799 infected

Mean of infected sites: 0.27629733333333334
Variance of infected siteds: 0.40990742666666663

p1: 0.800000, p3: 0.400000
State starts with 824 infected

Mean of infected sites: 0.30204844444444445
Variance of infected siteds: 0.32020079950617286

p1: 0.800000, p3: 0.450000
State starts with 808 infected

Mean of infected sites: 0.3238488888888889
Variance of infected siteds: 0.355350024691358

p1: 0.800000, p3: 0.500000
State starts with 846 infected

Mean of infected sites: 0.34229333333333334
Variance of infected siteds: 0.3487955555555556

p1: 0.800000, p3: 0.550000
State starts with 816 infected

Mean of infected sites: 0.357608
Variance of infected siteds: 0.3833349511111111

p1: 0.800000, p3: 0.600000
State starts with 869 infected

Mean of infected sites: 0.3742662222222222
Variance of infected siteds: 0.3557290365432099

p1: 0.800000, p3: 0.650000
State starts with 827 infected

Mean of infected sites: 0.38478444444444443
Variance of infected siteds: 0.38812428395061727

p1: 0.800000, p3: 0.700000
State starts with 824 infected

Mean of infected sites: 0.3980653333333333
Variance of infected siteds: 0.3595897733333333

p1: 0.800000, p3: 0.750000
State starts with 833 infected

Mean of infected sites: 0.408092
Variance of infected siteds: 0.29661750666666664

p1: 0.800000, p3: 0.800000
State starts with 824 infected

Mean of infected sites: 0.41734088888888893
Variance of infected siteds: 0.3094494869135802

p1: 0.800000, p3: 0.850000
State starts with 852 infected

Mean of infected sites: 0.4250431111111111
Variance of infected siteds: 0.2986055758024691

p1: 0.800000, p3: 0.900000
State starts with 793 infected

Mean of infected sites: 0.4341808888888889
Variance of infected siteds: 0.3253533091358025

p1: 0.800000, p3: 0.950000
State starts with 801 infected

Mean of infected sites: 0.4412502222222222
Variance of infected siteds: 0.3002643609876544

p1: 0.800000, p3: 1.000000
State starts with 844 infected

Mean of infected sites: 0.4467635555555556
Variance of infected siteds: 0.3199300128395062

p1: 0.850000, p3: 0.000000
State starts with 818 infected

Mean of infected sites: 0.0
Variance of infected siteds: 0.0

p1: 0.850000, p3: 0.050000
State starts with 819 infected

Mean of infected sites: 0.0
Variance of infected siteds: 0.0

p1: 0.850000, p3: 0.100000
State starts with 809 infected

Mean of infected sites: 0.08409155555555556
Variance of infected siteds: 0.6997888217283951

p1: 0.850000, p3: 0.150000
State starts with 789 infected

Mean of infected sites: 0.13381466666666667
Variance of infected siteds: 0.5956621288888888

p1: 0.850000, p3: 0.200000
State starts with 825 infected

Mean of infected sites: 0.18165955555555557
Variance of infected siteds: 0.4436773550617284

p1: 0.850000, p3: 0.250000
State starts with 790 infected

Mean of infected sites: 0.2214097777777778
Variance of infected siteds: 0.4459210943209877

p1: 0.850000, p3: 0.300000
State starts with 820 infected

Mean of infected sites: 0.25525555555555557
Variance of infected siteds: 0.3747980617283951

p1: 0.850000, p3: 0.350000
State starts with 836 infected

Mean of infected sites: 0.28474622222222223
Variance of infected siteds: 0.4145789920987654

p1: 0.850000, p3: 0.400000
State starts with 826 infected

Mean of infected sites: 0.30976488888888887
Variance of infected siteds: 0.3840542513580247

p1: 0.850000, p3: 0.450000
State starts with 865 infected

Mean of infected sites: 0.33087466666666665
Variance of infected siteds: 0.39338517333333334

p1: 0.850000, p3: 0.500000
State starts with 870 infected

Mean of infected sites: 0.349468
Variance of infected siteds: 0.3734742177777778

p1: 0.850000, p3: 0.550000
State starts with 829 infected

Mean of infected sites: 0.36772
Variance of infected siteds: 0.315836

p1: 0.850000, p3: 0.600000
State starts with 827 infected

Mean of infected sites: 0.3821697777777778
Variance of infected siteds: 0.3074861609876543

p1: 0.850000, p3: 0.650000
State starts with 855 infected

Mean of infected sites: 0.39472888888888885
Variance of infected siteds: 0.32902113580246917

p1: 0.850000, p3: 0.700000
State starts with 811 infected

Mean of infected sites: 0.40662444444444446
Variance of infected siteds: 0.3376211728395062

p1: 0.850000, p3: 0.750000
State starts with 863 infected

Mean of infected sites: 0.4171026666666667
Variance of infected siteds: 0.3374896488888889

p1: 0.850000, p3: 0.800000
State starts with 806 infected

Mean of infected sites: 0.42735733333333337
Variance of infected siteds: 0.30762433777777776

p1: 0.850000, p3: 0.850000
State starts with 843 infected

Mean of infected sites: 0.43617022222222224
Variance of infected siteds: 0.32208533876543205

p1: 0.850000, p3: 0.900000
State starts with 832 infected

Mean of infected sites: 0.44323022222222225
Variance of infected siteds: 0.30344127209876537

p1: 0.850000, p3: 0.950000
State starts with 805 infected

Mean of infected sites: 0.45080711111111116
Variance of infected siteds: 0.3030238735802469

p1: 0.850000, p3: 1.000000
State starts with 853 infected

Mean of infected sites: 0.45746488888888887
Variance of infected siteds: 0.3140068069135802

p1: 0.900000, p3: 0.000000
State starts with 853 infected

Mean of infected sites: 0.0
Variance of infected siteds: 0.0

p1: 0.900000, p3: 0.050000
State starts with 824 infected

Mean of infected sites: 0.035577023498694516
Variance of infected siteds: 0.8751506384255124

p1: 0.900000, p3: 0.100000
State starts with 864 infected

Mean of infected sites: 0.08518311111111111
Variance of infected siteds: 0.7360063980246913

p1: 0.900000, p3: 0.150000
State starts with 834 infected

Mean of infected sites: 0.13739200000000001
Variance of infected siteds: 0.6205727288888889

p1: 0.900000, p3: 0.200000
State starts with 842 infected

Mean of infected sites: 0.18636577777777777
Variance of infected siteds: 0.4432917387654321

p1: 0.900000, p3: 0.250000
State starts with 818 infected

Mean of infected sites: 0.22668888888888886
Variance of infected siteds: 0.46779313580246906

p1: 0.900000, p3: 0.300000
State starts with 839 infected

Mean of infected sites: 0.26145777777777773
Variance of infected siteds: 0.3723707654320988

p1: 0.900000, p3: 0.350000
State starts with 849 infected

Mean of infected sites: 0.2917311111111111
Variance of infected siteds: 0.4358872469135802

p1: 0.900000, p3: 0.400000
State starts with 841 infected

Mean of infected sites: 0.31617466666666666
Variance of infected siteds: 0.36701839555555554

p1: 0.900000, p3: 0.450000
State starts with 835 infected

Mean of infected sites: 0.3397164444444445
Variance of infected siteds: 0.40207899061728397

p1: 0.900000, p3: 0.500000
State starts with 848 infected

Mean of infected sites: 0.3587906666666667
Variance of infected siteds: 0.3468748933333333

p1: 0.900000, p3: 0.550000
State starts with 828 infected

Mean of infected sites: 0.3748742222222222
Variance of infected siteds: 0.343502227654321

p1: 0.900000, p3: 0.600000
State starts with 784 infected

Mean of infected sites: 0.39005066666666666
Variance of infected siteds: 0.3501029155555556

p1: 0.900000, p3: 0.650000
State starts with 871 infected

Mean of infected sites: 0.4040551111111111
Variance of infected siteds: 0.3389497402469136

p1: 0.900000, p3: 0.700000
State starts with 856 infected

Mean of infected sites: 0.41573244444444446
Variance of infected siteds: 0.32332414617283955

p1: 0.900000, p3: 0.750000
State starts with 878 infected

Mean of infected sites: 0.42583244444444446
Variance of infected siteds: 0.3498529239506173

p1: 0.900000, p3: 0.800000
State starts with 808 infected

Mean of infected sites: 0.4357586666666667
Variance of infected siteds: 0.33853839555555554

p1: 0.900000, p3: 0.850000
State starts with 828 infected

Mean of infected sites: 0.44405822222222224
Variance of infected siteds: 0.31369774765432096

p1: 0.900000, p3: 0.900000
State starts with 832 infected

Mean of infected sites: 0.45228488888888885
Variance of infected siteds: 0.31644909580246916

p1: 0.900000, p3: 0.950000
State starts with 853 infected

Mean of infected sites: 0.46103377777777776
Variance of infected siteds: 0.32024914765432094

p1: 0.900000, p3: 1.000000
State starts with 827 infected

Mean of infected sites: 0.46716
Variance of infected siteds: 0.30484933333333336

p1: 0.950000, p3: 0.000000
State starts with 847 infected

Mean of infected sites: 0.0
Variance of infected siteds: 0.0

p1: 0.950000, p3: 0.050000
State starts with 802 infected

Mean of infected sites: 0.0
Variance of infected siteds: 0.0

p1: 0.950000, p3: 0.100000
State starts with 833 infected

Mean of infected sites: 0.08953777777777777
Variance of infected siteds: 0.81605787654321

p1: 0.950000, p3: 0.150000
State starts with 811 infected

Mean of infected sites: 0.141736
Variance of infected siteds: 0.5875262044444446

p1: 0.950000, p3: 0.200000
State starts with 826 infected

Mean of infected sites: 0.19046400000000002
Variance of infected siteds: 0.4103942044444444

p1: 0.950000, p3: 0.250000
State starts with 832 infected

Mean of infected sites: 0.23024533333333333
Variance of infected siteds: 0.44473219555555554

p1: 0.950000, p3: 0.300000
State starts with 824 infected

Mean of infected sites: 0.2678191111111111
Variance of infected siteds: 0.45142797580246913

p1: 0.950000, p3: 0.350000
State starts with 833 infected

Mean of infected sites: 0.2964946666666667
Variance of infected siteds: 0.4050491511111111

p1: 0.950000, p3: 0.400000
State starts with 822 infected

Mean of infected sites: 0.3219306666666667
Variance of infected siteds: 0.39952931555555554

p1: 0.950000, p3: 0.450000
State starts with 872 infected

Mean of infected sites: 0.34552933333333335
Variance of infected siteds: 0.31389107111111114

p1: 0.950000, p3: 0.500000
State starts with 838 infected

Mean of infected sites: 0.3646697777777778
Variance of infected siteds: 0.3375624943209876

p1: 0.950000, p3: 0.550000
State starts with 836 infected

Mean of infected sites: 0.381548
Variance of infected siteds: 0.34648435111111114

p1: 0.950000, p3: 0.600000
State starts with 849 infected

Mean of infected sites: 0.3971408888888889
Variance of infected siteds: 0.3133588202469136

p1: 0.950000, p3: 0.650000
State starts with 805 infected

Mean of infected sites: 0.41105377777777774
Variance of infected siteds: 0.37042521432098763

p1: 0.950000, p3: 0.700000
State starts with 824 infected

Mean of infected sites: 0.42395377777777776
Variance of infected siteds: 0.3123511032098765

p1: 0.950000, p3: 0.750000
State starts with 828 infected

Mean of infected sites: 0.433924
Variance of infected siteds: 0.29085089333333336

p1: 0.950000, p3: 0.800000
State starts with 808 infected

Mean of infected sites: 0.44456977777777773
Variance of infected siteds: 0.3469714943209877

p1: 0.950000, p3: 0.850000
State starts with 803 infected

Mean of infected sites: 0.45215022222222223
Variance of infected siteds: 0.2963355832098765

p1: 0.950000, p3: 0.900000
State starts with 867 infected

Mean of infected sites: 0.46148355555555554
Variance of infected siteds: 0.30975187950617283

p1: 0.950000, p3: 0.950000
State starts with 805 infected

Mean of infected sites: 0.4693506666666667
Variance of infected siteds: 0.29964058222222223

p1: 0.950000, p3: 1.000000
State starts with 818 infected

Mean of infected sites: 0.47573999999999994
Variance of infected siteds: 0.30098077777777776

p1: 1.000000, p3: 0.000000
State starts with 853 infected

Mean of infected sites: 0.0
Variance of infected siteds: 0.0

p1: 1.000000, p3: 0.050000
State starts with 848 infected

Mean of infected sites: 0.03925829457364341
Variance of infected siteds: 1.3153663880776398

p1: 1.000000, p3: 0.100000
State starts with 855 infected

Mean of infected sites: 0.09051511111111112
Variance of infected siteds: 0.9660277624691357

p1: 1.000000, p3: 0.150000
State starts with 844 infected

Mean of infected sites: 0.145376
Variance of infected siteds: 0.5047634488888889

p1: 1.000000, p3: 0.200000
State starts with 799 infected

Mean of infected sites: 0.19484400000000002
Variance of infected siteds: 0.39494760444444443

p1: 1.000000, p3: 0.250000
State starts with 808 infected

Mean of infected sites: 0.2375168888888889
Variance of infected siteds: 0.43787028691358026

p1: 1.000000, p3: 0.300000
State starts with 841 infected

Mean of infected sites: 0.2727911111111111
Variance of infected siteds: 0.35456158024691353

p1: 1.000000, p3: 0.350000
State starts with 829 infected

Mean of infected sites: 0.30138844444444446
Variance of infected siteds: 0.3403609995061728

p1: 1.000000, p3: 0.400000
State starts with 841 infected

Mean of infected sites: 0.32846755555555557
Variance of infected siteds: 0.4115717017283951

p1: 1.000000, p3: 0.450000
State starts with 861 infected

Mean of infected sites: 0.3513644444444445
Variance of infected siteds: 0.3434968395061729

p1: 1.000000, p3: 0.500000
State starts with 852 infected

Mean of infected sites: 0.3700351111111111
Variance of infected siteds: 0.3520009180246913

p1: 1.000000, p3: 0.550000
State starts with 818 infected

Mean of infected sites: 0.38873555555555556
Variance of infected siteds: 0.29715717283950616

p1: 1.000000, p3: 0.600000
State starts with 854 infected

Mean of infected sites: 0.404212
Variance of infected siteds: 0.3096703066666667

p1: 1.000000, p3: 0.650000
State starts with 844 infected

Mean of infected sites: 0.4171764444444444
Variance of infected siteds: 0.32977416839506174

p1: 1.000000, p3: 0.700000
State starts with 821 infected

Mean of infected sites: 0.43058488888888885
Variance of infected siteds: 0.3118798735802469

p1: 1.000000, p3: 0.750000
State starts with 838 infected

Mean of infected sites: 0.439904
Variance of infected siteds: 0.34004095999999995

p1: 1.000000, p3: 0.800000
State starts with 830 infected

Mean of infected sites: 0.45066311111111107
Variance of infected siteds: 0.285200264691358

p1: 1.000000, p3: 0.850000
State starts with 838 infected

Mean of infected sites: 0.46068088888888886
Variance of infected siteds: 0.3210854202469136

p1: 1.000000, p3: 0.900000
State starts with 852 infected

Mean of infected sites: 0.46871822222222226
Variance of infected siteds: 0.3160028365432098

p1: 1.000000, p3: 0.950000
State starts with 811 infected

Mean of infected sites: 0.4774164444444445
Variance of infected siteds: 0.3002548795061728

p1: 1.000000, p3: 1.000000
State starts with 835 infected

Mean of infected sites: 0.4837093333333333
Variance of infected siteds: 0.28838700444444443

Using probability p1: 0.20
Scaled variance: 0.00
Error bar: 0.00

Using probability p1: 0.21
Scaled variance: 0.00
Error bar: 0.00

Using probability p1: 0.22
Scaled variance: 0.00
Error bar: 0.00

Using probability p1: 0.23
Scaled variance: 0.00
Error bar: 0.00

Using probability p1: 0.24
Scaled variance: 0.00
Error bar: 0.00

Using probability p1: 0.25
Scaled variance: 0.00
Error bar: 0.00

Using probability p1: 0.26
Scaled variance: 0.00
Error bar: 0.00

Using probability p1: 0.27
Scaled variance: 0.00
Error bar: 0.00

Using probability p1: 0.28
Scaled variance: 0.01
Error bar: 0.00

Using probability p1: 0.29
Scaled variance: 0.01
Error bar: 0.00

Using probability p1: 0.30
Scaled variance: 0.14
Error bar: 0.01

Using probability p1: 0.31
Scaled variance: 1.26
Error bar: 0.02

Using probability p1: 0.32
Scaled variance: 0.74
Error bar: 0.01

Using probability p1: 0.33
Scaled variance: 0.71
Error bar: 0.01

Using probability p1: 0.34
Scaled variance: 0.74
Error bar: 0.01

Using probability p1: 0.35
Scaled variance: 0.57
Error bar: 0.01

Using probability p1: 0.36
Scaled variance: 0.56
Error bar: 0.01

Using probability p1: 0.37
Scaled variance: 0.58
Error bar: 0.01

Using probability p1: 0.38
Scaled variance: 0.54
Error bar: 0.01

Using probability p1: 0.39
Scaled variance: 0.56
Error bar: 0.01

Using probability p1: 0.40
Scaled variance: 0.49
Error bar: 0.01

Using probability p1: 0.41
Scaled variance: 0.48
Error bar: 0.01

Using probability p1: 0.42
Scaled variance: 0.47
Error bar: 0.01

Using probability p1: 0.43
Scaled variance: 0.49
Error bar: 0.01

Using probability p1: 0.44
Scaled variance: 0.47
Error bar: 0.01

Using probability p1: 0.45
Scaled variance: 0.46
Error bar: 0.01

Using probability p1: 0.46
Scaled variance: 0.45
Error bar: 0.01

Using probability p1: 0.47
Scaled variance: 0.46
Error bar: 0.01

Using probability p1: 0.48
Scaled variance: 0.44
Error bar: 0.01

Using probability p1: 0.49
Scaled variance: 0.45
Error bar: 0.01
Simulation 0
Immune fraction: 0.0
Immune fraction: 0.1
Immune fraction: 0.2
Immune fraction: 0.30000000000000004
Immune fraction: 0.4
Immune fraction: 0.5
Immune fraction: 0.6000000000000001
Immune fraction: 0.7000000000000001
Immune fraction: 0.8
Immune fraction: 0.9
Immune fraction: 1.0
Simulation 1
Immune fraction: 0.0
Immune fraction: 0.1
Immune fraction: 0.2
Immune fraction: 0.30000000000000004
Immune fraction: 0.4
Immune fraction: 0.5
Immune fraction: 0.6000000000000001
Immune fraction: 0.7000000000000001
Immune fraction: 0.8
Immune fraction: 0.9
Immune fraction: 1.0
Simulation 2
Immune fraction: 0.0
Immune fraction: 0.1
Immune fraction: 0.2
Immune fraction: 0.30000000000000004
Immune fraction: 0.4
Immune fraction: 0.5
Immune fraction: 0.6000000000000001
Immune fraction: 0.7000000000000001
Immune fraction: 0.8
Immune fraction: 0.9
Immune fraction: 1.0
Simulation 3
Immune fraction: 0.0
Immune fraction: 0.1
Immune fraction: 0.2
Immune fraction: 0.30000000000000004
Immune fraction: 0.4
Immune fraction: 0.5
Immune fraction: 0.6000000000000001
Immune fraction: 0.7000000000000001
Immune fraction: 0.8
Immune fraction: 0.9
Immune fraction: 1.0
Simulation 4
Immune fraction: 0.0
Immune fraction: 0.1
Immune fraction: 0.2
Immune fraction: 0.30000000000000004
Immune fraction: 0.4
Immune fraction: 0.5
Immune fraction: 0.6000000000000001
Immune fraction: 0.7000000000000001
Immune fraction: 0.8
Immune fraction: 0.9
Immune fraction: 1.0
